<?xml version="1.0" encoding="UTF-8"?>
<testsuite name="com.example.products.ProductApiClientTest" tests="6" skipped="0" failures="0" errors="0" timestamp="2025-04-06T19:32:03.811Z" hostname="192.168.1.4" time="0.674">
  <properties/>
  <testcase name="createProductInvalidData()" classname="com.example.products.ProductApiClientTest" time="0.626"/>
  <testcase name="getProduct()" classname="com.example.products.ProductApiClientTest" time="0.019"/>
  <testcase name="getProductInvalidId()" classname="com.example.products.ProductApiClientTest" time="0.005"/>
  <testcase name="getProducts()" classname="com.example.products.ProductApiClientTest" time="0.006"/>
  <testcase name="getProductNotFound()" classname="com.example.products.ProductApiClientTest" time="0.005"/>
  <testcase name="createProduct()" classname="com.example.products.ProductApiClientTest" time="0.008"/>
  <system-out><![CDATA[Standard Commons Logging discovery in action with spring-jcl: please remove commons-logging.jar from classpath in order to avoid potential conflicts
22:32:02.554 [Test worker] INFO org.springframework.test.context.support.AnnotationConfigContextLoaderUtils -- Could not detect default configuration classes for test class [com.example.products.ProductApiClientTest]: ProductApiClientTest does not declare any static, non-private, non-final, nested classes annotated with @Configuration.
22:32:02.619 [Test worker] INFO org.springframework.boot.test.context.SpringBootTestContextBootstrapper -- Found @SpringBootConfiguration com.example.products.Application for test class com.example.products.ProductApiClientTest

  .   ____          _            __ _ _
 /\\ / ___'_ __ _ _(_)_ __  __ _ \ \ \ \
( ( )\___ | '_ | '_| | '_ \/ _` | \ \ \ \
 \\/  ___)| |_)| | | | | || (_| |  ) ) ) )
  '  |____| .__|_| |_|_| |_\__, | / / / /
 =========|_|==============|___/=/_/_/_/

 :: Spring Boot ::                (v3.4.3)

2025-04-06T22:32:02.809+03:00  INFO 21461 --- [    Test worker] c.maciejwalkowiak.wiremock.spring.Store  : Resolving store from context: application
2025-04-06T22:32:02.820+03:00  INFO 21461 --- [    Test worker] c.m.w.spring.WireMockContextCustomizer   : Configuring WireMockServer with name 'wiremock-service-name' on port: 0
2025-04-06T22:32:03.146+03:00  INFO 21461 --- [    Test worker] c.m.w.spring.WireMockContextCustomizer   : Started WireMockServer with name 'wiremock-service-name':http://localhost:56130
2025-04-06T22:32:03.146+03:00  INFO 21461 --- [    Test worker] c.maciejwalkowiak.wiremock.spring.Store  : Resolving store from context: application
2025-04-06T22:32:03.163+03:00  INFO 21461 --- [    Test worker] c.example.products.ProductApiClientTest  : Starting ProductApiClientTest using Java 23.0.2 with PID 21461 (started by vanonatobaidze in /Users/vanonatobaidze/projects/pactflow/pactflow-consumer)
2025-04-06T22:32:03.163+03:00  INFO 21461 --- [    Test worker] c.example.products.ProductApiClientTest  : No active profile set, falling back to 1 default profile: "default"
2025-04-06T22:32:03.775+03:00  INFO 21461 --- [    Test worker] o.s.b.t.m.w.SpringBootMockServletContext : Initializing Spring TestDispatcherServlet ''
2025-04-06T22:32:03.776+03:00  INFO 21461 --- [    Test worker] o.s.t.web.servlet.TestDispatcherServlet  : Initializing Servlet ''
2025-04-06T22:32:03.778+03:00  INFO 21461 --- [    Test worker] o.s.t.web.servlet.TestDispatcherServlet  : Completed initialization in 1 ms
2025-04-06T22:32:03.799+03:00  INFO 21461 --- [    Test worker] c.example.products.ProductApiClientTest  : Started ProductApiClientTest in 1.104 seconds (process running for 1.762)
2025-04-06T22:32:03.813+03:00  INFO 21461 --- [    Test worker] c.maciejwalkowiak.wiremock.spring.Store  : Resolving store from context: application
2025-04-06T22:32:03.816+03:00  INFO 21461 --- [    Test worker] c.maciejwalkowiak.wiremock.spring.Store  : Resolving store from context: application
2025-04-06T22:32:04.425+03:00  INFO 21461 --- [qtp395257482-44] WireMock                                 : Request received:
127.0.0.1 - POST /products

Accept: [application/json]
Content-Length: [41]
Content-Type: [application/json; charset=UTF-8]
Host: [localhost:56130]
Connection: [keep-alive]
User-Agent: [Apache-HttpClient/4.5.14 (Java/23.0.2)]
Accept-Encoding: [gzip,deflate]
{"id":"","name":"","type":"","price":0.0}


Matched response definition:
{
  "status" : 400,
  "headers" : {
    "Content-Type" : "application/json"
  }
}

Response:
HTTP/1.1 400
Content-Type: [application/json]
Matched-Stub-Id: [507e58f4-9518-4be1-b94d-4620a40155f0]

2025-04-06T22:32:04.440+03:00  INFO 21461 --- [    Test worker] c.maciejwalkowiak.wiremock.spring.Store  : Resolving store from context: application
2025-04-06T22:32:04.440+03:00  INFO 21461 --- [    Test worker] c.maciejwalkowiak.wiremock.spring.Store  : Resolving store from context: application
2025-04-06T22:32:04.444+03:00  INFO 21461 --- [qtp395257482-38] WireMock                                 : Request received:
127.0.0.1 - GET /product/10

Accept: [application/json]
Host: [localhost:56130]
Connection: [keep-alive]
User-Agent: [Apache-HttpClient/4.5.14 (Java/23.0.2)]
Accept-Encoding: [gzip,deflate]



Matched response definition:
{
  "status" : 200,
  "body" : "{ \"id\": \"10\", \"name\": \"pizza\", \"type\": \"food\", \"price\": 100.0 }",
  "headers" : {
    "Content-Type" : "application/json"
  }
}

Response:
HTTP/1.1 200
Content-Type: [application/json]
Matched-Stub-Id: [160d7186-2952-4e51-837f-f1e96cdeb823]

2025-04-06T22:32:04.460+03:00  INFO 21461 --- [    Test worker] c.maciejwalkowiak.wiremock.spring.Store  : Resolving store from context: application
2025-04-06T22:32:04.460+03:00  INFO 21461 --- [    Test worker] c.maciejwalkowiak.wiremock.spring.Store  : Resolving store from context: application
2025-04-06T22:32:04.463+03:00  INFO 21461 --- [qtp395257482-43] WireMock                                 : Request received:
127.0.0.1 - GET /product/invalid-id

Accept: [application/json]
Host: [localhost:56130]
Connection: [keep-alive]
User-Agent: [Apache-HttpClient/4.5.14 (Java/23.0.2)]
Accept-Encoding: [gzip,deflate]



Matched response definition:
{
  "status" : 400,
  "headers" : {
    "Content-Type" : "application/json"
  }
}

Response:
HTTP/1.1 400
Content-Type: [application/json]
Matched-Stub-Id: [7e5260e1-0846-422f-8a3e-b2a152cd0848]

2025-04-06T22:32:04.466+03:00  INFO 21461 --- [    Test worker] c.maciejwalkowiak.wiremock.spring.Store  : Resolving store from context: application
2025-04-06T22:32:04.466+03:00  INFO 21461 --- [    Test worker] c.maciejwalkowiak.wiremock.spring.Store  : Resolving store from context: application
2025-04-06T22:32:04.468+03:00  INFO 21461 --- [qtp395257482-42] WireMock                                 : Request received:
127.0.0.1 - GET /products

Accept: [application/json]
Host: [localhost:56130]
Connection: [keep-alive]
User-Agent: [Apache-HttpClient/4.5.14 (Java/23.0.2)]
Accept-Encoding: [gzip,deflate]



Matched response definition:
{
  "status" : 200,
  "body" : "[{ \"id\": \"10\", \"name\": \"pizza\", \"type\": \"food\", \"price\": 100.0 }]",
  "headers" : {
    "Content-Type" : "application/json"
  }
}

Response:
HTTP/1.1 200
Content-Type: [application/json]
Matched-Stub-Id: [53b327af-6753-46e3-bd84-9b21745b6072]

2025-04-06T22:32:04.473+03:00  INFO 21461 --- [    Test worker] c.maciejwalkowiak.wiremock.spring.Store  : Resolving store from context: application
2025-04-06T22:32:04.474+03:00  INFO 21461 --- [    Test worker] c.maciejwalkowiak.wiremock.spring.Store  : Resolving store from context: application
2025-04-06T22:32:04.476+03:00  INFO 21461 --- [qtp395257482-43] WireMock                                 : Request received:
127.0.0.1 - GET /product/999

Accept: [application/json]
Host: [localhost:56130]
Connection: [keep-alive]
User-Agent: [Apache-HttpClient/4.5.14 (Java/23.0.2)]
Accept-Encoding: [gzip,deflate]



Matched response definition:
{
  "status" : 404,
  "headers" : {
    "Content-Type" : "application/json"
  }
}

Response:
HTTP/1.1 404
Content-Type: [application/json]
Matched-Stub-Id: [ff6ba33d-d691-4d68-b585-7e3fe8753653]

2025-04-06T22:32:04.479+03:00  INFO 21461 --- [    Test worker] c.maciejwalkowiak.wiremock.spring.Store  : Resolving store from context: application
2025-04-06T22:32:04.479+03:00  INFO 21461 --- [    Test worker] c.maciejwalkowiak.wiremock.spring.Store  : Resolving store from context: application
2025-04-06T22:32:04.483+03:00  INFO 21461 --- [qtp395257482-42] WireMock                                 : Request received:
127.0.0.1 - POST /products

Accept: [application/json]
Content-Length: [53]
Content-Type: [application/json; charset=UTF-8]
Host: [localhost:56130]
Connection: [keep-alive]
User-Agent: [Apache-HttpClient/4.5.14 (Java/23.0.2)]
Accept-Encoding: [gzip,deflate]
{"id":"27","name":"pizza","type":"food","price":27.0}


Matched response definition:
{
  "status" : 200,
  "body" : "{ \"id\": \"27\", \"name\": \"pizza\", \"type\": \"food\", \"price\": 27.0 }",
  "headers" : {
    "Content-Type" : "application/json"
  }
}

Response:
HTTP/1.1 200
Content-Type: [application/json]
Matched-Stub-Id: [ce5dd59a-d689-4a58-b5bb-d84373d8dcc0]

]]></system-out>
  <system-err><![CDATA[Apr 06, 2025 10:32:02 PM se.bjurr.wiremockpact.wiremockpactlib.api.WireMockPactApi clearAllSaved
INFO: Clearing PACT JSON in /Users/vanonatobaidze/projects/pactflow/pactflow-consumer/build/pacts
Mockito is currently self-attaching to enable the inline-mock-maker. This will no longer work in future releases of the JDK. Please add Mockito as an agent to your build what is described in Mockito's documentation: https://javadoc.io/doc/org.mockito/mockito-core/latest/org/mockito/Mockito.html#0.3
WARNING: A Java agent has been loaded dynamically (/Users/vanonatobaidze/.gradle/caches/modules-2/files-2.1/net.bytebuddy/byte-buddy-agent/1.15.11/a38b16385e867f59a641330f0362ebe742788ed8/byte-buddy-agent-1.15.11.jar)
WARNING: If a serviceability tool is in use, please run with -XX:+EnableDynamicAgentLoading to hide this warning
WARNING: If a serviceability tool is not in use, please run with -Djdk.instrument.traceUsage for more information
WARNING: Dynamic loading of agents will be disallowed by default in a future release
]]></system-err>
</testsuite>
