<?xml version="1.0" encoding="UTF-8"?>
<testsuite name="com.example.products.ProductApiClientTest" tests="6" skipped="0" failures="0" errors="0" timestamp="2025-04-13T19:01:51.226Z" hostname="192.168.1.4" time="0.053">
  <properties/>
  <testcase name="createProductInvalidData()" classname="com.example.products.ProductApiClientTest" time="0.011"/>
  <testcase name="getProduct()" classname="com.example.products.ProductApiClientTest" time="0.008"/>
  <testcase name="getProductInvalidId()" classname="com.example.products.ProductApiClientTest" time="0.007"/>
  <testcase name="getProducts()" classname="com.example.products.ProductApiClientTest" time="0.007"/>
  <testcase name="getProductNotFound()" classname="com.example.products.ProductApiClientTest" time="0.005"/>
  <testcase name="createProduct()" classname="com.example.products.ProductApiClientTest" time="0.011"/>
  <system-out><![CDATA[2025-04-13T22:01:50.964+03:00  INFO 17347 --- [    Test worker] t.c.s.AnnotationConfigContextLoaderUtils : Could not detect default configuration classes for test class [com.example.products.ProductApiClientTest]: ProductApiClientTest does not declare any static, non-private, non-final, nested classes annotated with @Configuration.
2025-04-13T22:01:50.970+03:00  INFO 17347 --- [    Test worker] .b.t.c.SpringBootTestContextBootstrapper : Found @SpringBootConfiguration com.example.products.Application for test class com.example.products.ProductApiClientTest

  .   ____          _            __ _ _
 /\\ / ___'_ __ _ _(_)_ __  __ _ \ \ \ \
( ( )\___ | '_ | '_| | '_ \/ _` | \ \ \ \
 \\/  ___)| |_)| | | | | || (_| |  ) ) ) )
  '  |____| .__|_| |_|_| |_\__, | / / / /
 =========|_|==============|___/=/_/_/_/

 :: Spring Boot ::                (v3.4.3)

2025-04-13T22:01:51.002+03:00  INFO 17347 --- [    Test worker] c.maciejwalkowiak.wiremock.spring.Store  : Resolving store from context: application
2025-04-13T22:01:51.003+03:00  INFO 17347 --- [    Test worker] c.m.w.spring.WireMockContextCustomizer   : Configuring WireMockServer with name 'wiremock-service-name' on port: 0
2025-04-13T22:01:51.013+03:00  INFO 17347 --- [    Test worker] c.m.w.spring.WireMockContextCustomizer   : Started WireMockServer with name 'wiremock-service-name':http://localhost:59057
2025-04-13T22:01:51.013+03:00  INFO 17347 --- [    Test worker] c.maciejwalkowiak.wiremock.spring.Store  : Resolving store from context: application
2025-04-13T22:01:51.018+03:00  INFO 17347 --- [    Test worker] c.example.products.ProductApiClientTest  : Starting ProductApiClientTest using Java 23.0.2 with PID 17347 (started by vanonatobaidze in /Users/vanonatobaidze/projects/pactflow/pactflow-consumer)
2025-04-13T22:01:51.018+03:00  INFO 17347 --- [    Test worker] c.example.products.ProductApiClientTest  : No active profile set, falling back to 1 default profile: "default"
2025-04-13T22:01:51.217+03:00  INFO 17347 --- [    Test worker] o.s.b.t.m.w.SpringBootMockServletContext : Initializing Spring TestDispatcherServlet ''
2025-04-13T22:01:51.217+03:00  INFO 17347 --- [    Test worker] o.s.t.web.servlet.TestDispatcherServlet  : Initializing Servlet ''
2025-04-13T22:01:51.217+03:00  INFO 17347 --- [    Test worker] o.s.t.web.servlet.TestDispatcherServlet  : Completed initialization in 0 ms
2025-04-13T22:01:51.224+03:00  INFO 17347 --- [    Test worker] c.example.products.ProductApiClientTest  : Started ProductApiClientTest in 0.249 seconds (process running for 3.596)
2025-04-13T22:01:51.227+03:00  INFO 17347 --- [    Test worker] c.maciejwalkowiak.wiremock.spring.Store  : Resolving store from context: application
2025-04-13T22:01:51.228+03:00  INFO 17347 --- [    Test worker] c.maciejwalkowiak.wiremock.spring.Store  : Resolving store from context: application
2025-04-13T22:01:51.235+03:00  INFO 17347 --- [qtp405654827-57] WireMock                                 : Request received:
127.0.0.1 - POST /products

Accept: [application/json]
Content-Length: [41]
Content-Type: [application/json; charset=UTF-8]
Host: [localhost:59057]
Connection: [keep-alive]
User-Agent: [Apache-HttpClient/4.5.14 (Java/23.0.2)]
Accept-Encoding: [gzip,deflate]
{"id":"","name":"","type":"","price":0.0}


Matched response definition:
{
  "status" : 400,
  "headers" : {
    "Content-Type" : "application/json"
  }
}

Response:
HTTP/1.1 400
Content-Type: [application/json]
Matched-Stub-Id: [7c909775-8ddf-4e24-b4ab-a19f59eee5b0]

2025-04-13T22:01:51.238+03:00  INFO 17347 --- [    Test worker] c.maciejwalkowiak.wiremock.spring.Store  : Resolving store from context: application
2025-04-13T22:01:51.239+03:00  INFO 17347 --- [    Test worker] c.maciejwalkowiak.wiremock.spring.Store  : Resolving store from context: application
2025-04-13T22:01:51.242+03:00  INFO 17347 --- [qtp405654827-51] WireMock                                 : Request received:
127.0.0.1 - GET /product/10

Accept: [application/json]
Host: [localhost:59057]
Connection: [keep-alive]
User-Agent: [Apache-HttpClient/4.5.14 (Java/23.0.2)]
Accept-Encoding: [gzip,deflate]



Matched response definition:
{
  "status" : 200,
  "body" : "{ \"id\": \"10\", \"name\": \"pizza\", \"type\": \"food\", \"price\": 100.0 }",
  "headers" : {
    "Content-Type" : "application/json"
  }
}

Response:
HTTP/1.1 200
Content-Type: [application/json]
Matched-Stub-Id: [d096c92e-8a59-471f-9701-ee3c434a9e69]

2025-04-13T22:01:51.247+03:00  INFO 17347 --- [    Test worker] c.maciejwalkowiak.wiremock.spring.Store  : Resolving store from context: application
2025-04-13T22:01:51.248+03:00  INFO 17347 --- [    Test worker] c.maciejwalkowiak.wiremock.spring.Store  : Resolving store from context: application
2025-04-13T22:01:51.251+03:00  INFO 17347 --- [qtp405654827-56] WireMock                                 : Request received:
127.0.0.1 - GET /product/invalid-id

Accept: [application/json]
Host: [localhost:59057]
Connection: [keep-alive]
User-Agent: [Apache-HttpClient/4.5.14 (Java/23.0.2)]
Accept-Encoding: [gzip,deflate]



Matched response definition:
{
  "status" : 400,
  "headers" : {
    "Content-Type" : "application/json"
  }
}

Response:
HTTP/1.1 400
Content-Type: [application/json]
Matched-Stub-Id: [351f82cb-9cde-4c6e-acc9-c5e59eebfe4c]

2025-04-13T22:01:51.255+03:00  INFO 17347 --- [    Test worker] c.maciejwalkowiak.wiremock.spring.Store  : Resolving store from context: application
2025-04-13T22:01:51.256+03:00  INFO 17347 --- [    Test worker] c.maciejwalkowiak.wiremock.spring.Store  : Resolving store from context: application
2025-04-13T22:01:51.259+03:00  INFO 17347 --- [qtp405654827-55] WireMock                                 : Request received:
127.0.0.1 - GET /products

Accept: [application/json]
Host: [localhost:59057]
Connection: [keep-alive]
User-Agent: [Apache-HttpClient/4.5.14 (Java/23.0.2)]
Accept-Encoding: [gzip,deflate]



Matched response definition:
{
  "status" : 200,
  "body" : "[{ \"id\": \"10\", \"name\": \"pizza\", \"type\": \"food\", \"price\": 100.0 }]",
  "headers" : {
    "Content-Type" : "application/json"
  }
}

Response:
HTTP/1.1 200
Content-Type: [application/json]
Matched-Stub-Id: [288c701d-044e-40c6-ae24-3c6966b27fca]

2025-04-13T22:01:51.263+03:00  INFO 17347 --- [    Test worker] c.maciejwalkowiak.wiremock.spring.Store  : Resolving store from context: application
2025-04-13T22:01:51.263+03:00  INFO 17347 --- [    Test worker] c.maciejwalkowiak.wiremock.spring.Store  : Resolving store from context: application
2025-04-13T22:01:51.266+03:00  INFO 17347 --- [qtp405654827-56] WireMock                                 : Request received:
127.0.0.1 - GET /product/999

Accept: [application/json]
Host: [localhost:59057]
Connection: [keep-alive]
User-Agent: [Apache-HttpClient/4.5.14 (Java/23.0.2)]
Accept-Encoding: [gzip,deflate]



Matched response definition:
{
  "status" : 404,
  "headers" : {
    "Content-Type" : "application/json"
  }
}

Response:
HTTP/1.1 404
Content-Type: [application/json]
Matched-Stub-Id: [77dbbbc6-b9dd-4050-96f6-4a1753ecf1bc]

2025-04-13T22:01:51.270+03:00  INFO 17347 --- [    Test worker] c.maciejwalkowiak.wiremock.spring.Store  : Resolving store from context: application
2025-04-13T22:01:51.270+03:00  INFO 17347 --- [    Test worker] c.maciejwalkowiak.wiremock.spring.Store  : Resolving store from context: application
2025-04-13T22:01:51.276+03:00  INFO 17347 --- [qtp405654827-55] WireMock                                 : Request received:
127.0.0.1 - POST /products

Accept: [application/json]
Content-Length: [53]
Content-Type: [application/json; charset=UTF-8]
Host: [localhost:59057]
Connection: [keep-alive]
User-Agent: [Apache-HttpClient/4.5.14 (Java/23.0.2)]
Accept-Encoding: [gzip,deflate]
{"id":"27","name":"pizza","type":"food","price":27.0}


Matched response definition:
{
  "status" : 200,
  "body" : "{ \"id\": \"27\", \"name\": \"pizza\", \"type\": \"food\", \"price\": 27.0 }",
  "headers" : {
    "Content-Type" : "application/json"
  }
}

Response:
HTTP/1.1 200
Content-Type: [application/json]
Matched-Stub-Id: [b3de22fa-1c1a-4d13-93b7-b7865d34eae4]

]]></system-out>
  <system-err><![CDATA[]]></system-err>
</testsuite>
